1532851115532	geckodriver	INFO	geckodriver 0.19.1
1532851115559	geckodriver	INFO	Listening on 127.0.0.1:57179
1532851118870	mozrunner::runner	INFO	Running command: "C:\\Program Files (x86)\\Mozilla Firefox\\firefox.exe" "-marionette" "-profile" "C:\\Users\\wyx\\AppData\\Local\\Temp\\rust_mozprofile.jcwu22papiIg"
1532851130586	Marionette	INFO	Listening on port 57188
1532851131531	Marionette	WARN	TLS certificate errors will be ignored for this session
JavaScript error: https://login.taobao.com/jump?target=https://www.tmall.com, line 26: SyntaxError: expected expression, got '<'
[Parent 3096, Gecko_IOThread] WARNING: pipe error: 109: file z:/build/build/src/ipc/chromium/src/chrome/common/ipc_channel_win.cc, line 346
[Child 15532, Chrome_ChildThread] WARNING: pipe error: 109: file z:/build/build/src/ipc/chromium/src/chrome/common/ipc_channel_win.cc, line 346
[Child 15532, Chrome_ChildThread] WARNING: pipe error: 109: file z:/build/build/src/ipc/chromium/[Parent 3096, Gecko_IOThread] WARNING: pipe error: 109: file z:/build/build/src/ipc/chromium/src/chrome/common/ipc_channel_win.cc, line 346
[Child 15160, Chrome_ChildThread] WARNING: pipe error: 109: file z:/build/build/src/ipc/chromium/src/chrome/common/ipc_channel_win.cc, line 346
[Child 15[Child 11284, Chrome_ChildThread] WARNING: pipe error: 109: file z:/build/build/src/ipc/chromium/src/chrome/common/ipc_channel_win.cc, line 346
[Child 11284, Chrome_ChildThread] WARNING: pipe error: 109: f
###!!! [Child][MessageChannel::SendAndWait] Error: Channel error: cannot send/recv

SyntaxError: expected expression, got '<'
[Parent 15324, Gecko_IOThread] WARNING: pipe error: 109: file z:/build/build/src/ipc/chromium/src/chrome/common/ipc_channel_win.cc, line 346
[Parent 15324, Gecko_IOThread] WARNING: pipe error: 109: file z:/build/build/src/ipc/chromium/src/chrome/common/ipc_channel_win.cc, line 346
[Child 2744, Chrome_ChildThread] WARNING: pipe error: 109: file z:/build/build/src/ipc/chromium/src/chrome/common/ipc_channel_win.cc, line 346
[Child 2744, Chrome_ChildThread] WARNING: pipe error: 109: file z:/build/build/src/ipc/chromium/src/chrome/common/ipc_channel_win.cc, line 346
[Parent 15324, Gecko_IOThread] WARNING: pipe error: 109: file z:/build/build/src/ipc/chromium/src/chrome/common/ipc_channel_win.cc, line 346
*** UTM:SVC TimerManager:registerTimer called after profile-before-change notification. Ignoring timer registration for id: telemetry_modules_ping

###!!! [Child][MessageChannel::SendAndWait] Error: Channel error: cannot send/recv

1532851553972	geckodriver	INFO	geckodriver 0.19.1
1532851553995	geckodriver	INFO	Listening on 127.0.0.1:57862
1532851557070	mozrunner::runner	INFO	Running command: "C:\\Program Files (x86)\\Mozilla Firefox\\firefox.exe" "-marionette" "-profile" "C:\\Users\\wyx\\AppData\\Local\\Temp\\rust_mozprofile.v27nA6knqkR1"
1532851563849	Marionette	INFO	Listening on port 57870
1532851564637	Marionette	WARN	TLS certificate errors will be ignored for this session
JavaScript error: https://login.taobao.com/jump?target=https://www.tmall.com, line 26: SyntaxError: expected expression, got '<'
[Parent 8680, Gecko_IOThread] WARNING: pipe error: 109: file z:/build/build/src/ipc/chromium/src/chrome/common/ipc_channel_win.cc, line 346
[Child 8736, Chrome_ChildThread] WARNING: pipe error: 10[9C:h iflidl 1e7 z0:4/, Cbuhromeild/bu_ild/srcCh/ildThreiapc/chromium/src/chrome/common/ipc_channel_win.cc, line 346
[Child 8736, Chrome_ChildThread] WARNING: pipe error: 109: file z:d] WARNING: pipe error: 109: file z:/build/build/src/ipc/chromium/src/chrome/common/ipc_channel_win.cc, line 346
[Child 1704, [Parent 8680, Gecko_IOThread] WARNING: pipe error: 109: file z:/build/build/src/ipc/chromium/src/chrome/common/ipc_channel_win.cc, line 346
*** UTM:SVC TimerManager:registerTimer called after profile-before-change notification. Ignoring timer registration for id: telemetry_modules_ping

###!!! [Child][MessageChannel::SendAndWait] Error: Channel error: cannot send/recv

1532851763933	geckodriver	INFO	geckodriver 0.19.1
1532851763991	geckodriver	INFO	Listening on 127.0.0.1:58171
1532851767237	mozrunner::runner	INFO	Running command: "C:\\Program Files (x86)\\Mozilla Firefox\\firefox.exe" "-marionette" "-profile" "C:\\Users\\wyx\\AppData\\Local\\Temp\\rust_mozprofile.FG18rVmoPLuG"
1532851774923	Marionette	INFO	Listening on port 58179
1532851775364	Marionette	WARN	TLS certificate errors will be ignored for this session
JavaScript error: https://login.taobao.com/jump?target=https://www.tmall.com, line 26: SyntaxError: expected expression, got '<'
JavaScript error: https://ss1.bdstatic.com/5eN1bjq8AAUYm2zgoY3K/r/www/cache/static/protocol/https/plugins/every_cookie_4644b13.js, line 4: ReferenceError: c is not defined
[Parent 11088, Gecko_IOThread] WARNING: pipe error: 109: file z:/build/build/src/ipc/chromium/src/chrome/common/ipc_channel_win.cc, line 346
JavaScript warning: https://csdnimg.cn/public/common/libs/jquery/jquery-1.9.1.min.js, line 1: Using //@ to indicate sourceMappingURL pragmas is deprecated. Use //# instead
JavaScript warning: https://csdnimg.cn/rabbit/exposure-click/main-1.0.6.js, line 556: unreachable code after return statement
JavaScript warning: https://csdnimg.cn/rabbit/exposure-click/main-1.0.6.js, line 556: unreachable code after return statement
JavaScript error: https://csdnimg.cn/public/common/toolbar/js/content_toolbar.js, line 705: ReferenceError: BaiduSuggestion is not defined
[Child 13148, Chrome_ChildThread] WARNING: pipe error: 109: fi
###!!! [Child][RunMessage] Error: Channel closing: too late to send/recv, messages will be lost

le z:/build/build/src/ipc/chromium/src/chrome/common/ipc_channel_win.cc, line 346
[Child 13148[Parent 11088, Gecko_IOThread] WARNING: pipe error: 109: file z:/build/build/src/ipc/chromium/src/chrome/common/ipc_channel_win.cc, line 346
[Parent 11088, Gecko_IOThread] WARNING: pipe error: 109: file z:/build/build/src/ipc/chromium/src/chrome/common/ipc_channel_win.cc, line 346
[Parent 11088, Gecko_IOThread] WARNING: pipe error: 109: file z:/build/build/src/ipc/chromium/src/chrome/common/ipc_channel_win.cc, line 346
[Child 16556, Chrome_ChildThread] WARNING: pipe error: 109: file z:/build/build/src/ipc/chromium/src/chrome/common/ipc_channel_win.cc, line 346
[Child 16556, Chrome_ChildThread] W[Child 1[GPU 9380, Chrome_ChildThread] WARNING: pipe error: 109: file z:
###!!! [Child][MessageChannel::SendAndWait] Error: Channel error: cannot send/recv

1532852272837	geckodriver	INFO	geckodriver 0.19.1
1532852272864	geckodriver	INFO	Listening on 127.0.0.1:58820
1532852275973	mozrunner::runner	INFO	Running command: "C:\\Program Files (x86)\\Mozilla Firefox\\firefox.exe" "-marionette" "-profile" "C:\\Users\\wyx\\AppData\\Local\\Temp\\rust_mozprofile.CPie0mIW4zEF"
1532852282268	Marionette	INFO	Listening on port 58835
1532852283549	Marionette	WARN	TLS certificate errors will be ignored for this session
JavaScript error: https://login.taobao.com/jump?target=https://www.tmall.com, line 26: SyntaxError: expected expression, got '<'
[Parent 6236, Gecko_IOThread] WARNING: pipe error: 109: file z:/build/build/src/ipc/chromium/src/chrome/common/ipc_channel_win.cc, line 346
[[CChild 10924, Chrome_ChildThread] WARNING: pipe error: 109: file z:/build/build/srhci/ipc/chromiumld/ src/chrome/common/ipc_channel_win.cc, line 3462744, Chrome_Ch
ildThread] WARNING: pipe error: 109: file z:/build/build/src/ipc/chromium/src/chrome/common/ipc_channel_win.cc, line 346
[Child 27[Parent 6236, Gecko_IOThread] WARNING: pipe error: 109: file z:/build/build/src/ipc/chromium/src/chrome/common/ipc_channel_win.cc, line 346
[Child 17372, Chrome_ChildThread] WARNING: pipe error: 109: file z:/build/build/src/ipc/chromium/src/chrome/common/ipc_channel_win.cc, line 346
[Child 17372, Chrome_ChildThread] WARNING: pipe error: 109: file z:/build/build/src/ipc/chromium/src/chrome/common/ip[GPU 16
###!!! [Child][MessageChannel::SendAndWait] Error: Channel error: cannot send/recv

ld/build/src/ipc/chromium/src/chrome/common/ipc_channel_win.cc, line 346
[Child 11784, Chrome_ChildThread] WARNING: pipe error: 109: file z:/build/build/src/ipc/chromium/src/chrome/common/ipc_channel_win.cc, line 346
[Child 117[Parent 17220, Gecko_IOThread] WARNING: pipe error: 109: file z:/build/build/src/ipc/chromium/src/chrome/common/ipc_channel_win.cc, line 346
[Child 5956, Chrome_ChildThread] WARNING: pipe error: 109: file z:/build/build/src/ipc/chromium/src/chrome/common/ipc_channel_win.cc, line 346
[Parent 17220, Gecko_IOThread] WARNING: pipe error: 109: file z:/build/build/src/ipc/chromium/src/chrome/common/ipc_channel_win.cc, line 346
*** UTM:SVC TimerManager:registerTimer called after profile-before-change notification. Ignoring timer registration for id: telemetry_modules_ping

###!!! [Child][MessageChannel::SendAndWait] Error: Channel error: cannot send/recv

1532853389068	geckodriver	INFO	geckodriver 0.19.1
1532853389090	geckodriver	INFO	Listening on 127.0.0.1:59879
1532853392174	mozrunner::runner	INFO	Running command: "C:\\Program Files (x86)\\Mozilla Firefox\\firefox.exe" "-marionette" "-profile" "C:\\Users\\wyx\\AppData\\Local\\Temp\\rust_mozprofile.6pynhGhjM0QD"
1532853397571	Marionette	INFO	Listening on port 59890
1532853398017	Marionette	WARN	TLS certificate errors will be ignored for this session
[Parent 3020, Gecko_IOThread] WARNING: pipe error: 109: file z:/build/build/src/ipc/chromium/src/chrome/common/ipc_channel_win.cc, line 346
JavaScript error: https://login.taobao.com/jump?target=https://www.tmall.com, line 26: SyntaxError: expected expression, got '<'
[Parent 3020, Gecko_IOThread] WARNING: pipe error: 109: file z:/build/build/src/ipc/chromium/src/chrome/common/ipc_channel_win.cc, line 346
[Child 13492, Chrome_ChildThread] WARNING: pipe error: 109: file z:/build/build/src/ipc/chromium/src/chrome/common/ipc_c[Chhannel_win.cc, line 346
[Chi[Child 6236, Chrome_ChildThread] WARNING: pipe error: 109: file z:/build/build/src/ipc/chromium/src/chrome/common/ipc_channel_win.cc, line 346
[Child 6236, Chrome_ChildThread] WARNING: p
###!!! [Child][MessageChannel::SendAndWait] Error: Channel error: cannot send/recv

be ignored for this session
[Parent 12464, Gecko_IOThread] WARNING: pipe error: 109: file z:/build/build/src/ipc/chromium/src/chrome/common/ipc_channel_win.cc, line 346
JavaScript error: https://login.taobao.com/jump?target=https://www.tmall.com, line 26: SyntaxError: expected expression, got '<'
[Parent 12464, Gecko_IOThread] WARNING: pipe error: 109: file z:/build/build/src/ipc/chromium/src/chrome/common/ipc_channel_win.cc, line 346
[Parent 12464, Gecko_IOThread] WARNING: pipe error: 109: file z:/build/build/src/ipc/chromium/src/chrome/common/ipc_channel_win.cc, line 346
[Child 6000, Chrome_Child[Child 13528, Chrome_ChildThread] WARNING: pipe error: 109: file z:/build/build/src/ipc/chromium/src/chrome/common/ipc_channel_win.cc, line 346
[Child 16552, Chrome_ChildThread] WARNING: pipe error: 109: file z:/build/build/src/ipc/chromium/src/chrome/common/ipc_channel_win.cc, line 346
Thread] WARNING: pipe error: 109: file z:/build/build/src/ipc/chromium/src/chrome/common/ipc_channel_win.cc, line 346
[Child 6
###!!! [Child][MessageChannel::SendAndWait] Error: Channel error: cannot send/recv

ng on 127.0.0.1:60203
1532853569612	mozrunner::runner	INFO	Running command: "C:\\Program Files (x86)\\Mozilla Firefox\\firefox.exe" "-marionette" "-profile" "C:\\Users\\wyx\\AppData\\Local\\Temp\\rust_mozprofile.vuDs4TP605ci"
1532853576188	Marionette	INFO	Listening on port 60212
1532853576243	Marionette	WARN	TLS certificate errors will be ignored for this session
JavaScript error: https://login.taobao.com/jump?target=https://www.tmall.com, line 26: SyntaxError: expected expression, got '<'
[Child 10664, Chrome_ChildThread] WARNING: pipe error: 109: file z:/build/build/src/ipc/chromium/src/chrome/common/ipc_channel_win.cc, line 346
[Child
###!!! [Child][MessageChannel::SendAndWait] Error: Channel error: cannot send/recv

1532853719934	geckodriver	INFO	geckodriver 0.19.1
1532853719960	geckodriver	INFO	Listening on 127.0.0.1:60458
1532853723071	mozrunner::runner	INFO	Running command: "C:\\Program Files (x86)\\Mozilla Firefox\\firefox.exe" "-marionette" "-profile" "C:\\Users\\wyx\\AppData\\Local\\Temp\\rust_mozprofile.L62RPBpD03XS"
1532853728085	Marionette	INFO	Listening on port 60470
1532853728695	Marionette	WARN	TLS certificate errors will be ignored for this session
JavaScript error: https://login.taobao.com/jump?target=https://www.tmall.com, line 26: SyntaxError: expected expression, got '<'
[Parent 15628, Gecko_IOThread] WARNING: pipe error: 109: file z:/build/build/src/ipc/chromium/src/chrome/common/ipc_channel_win.cc, line 346
[Child 10572, Chrome_ChildThread] WARNING: pipe error: 109: file z:/build/build/src/ipc/chromium/src/chrome/common/ipc_channel_win.cc, line 346
[Chil[Parent 15628, Gecko_IOThread] WARNING: pipe error: 109: file z:/build/build/src/ipc/chromium/src/chrome/common/ipc_channel_win.cc, line 346
[Child 16792, Chrome_ChildThread] WARNING: pipe error: 109: file z:/build/build/src/ipc/chromium/src/chrome/common/ipc_channel_win.cc, line 346
[Child 16792, Chrome_ChildThread] WARNING: pipe error: 109: file z:/build/build/src/ipc/chromium/src/chrome/common/ipc_channel_win.cc, line 346
[GPU 1720
###!!! [Child][MessageChannel::SendAndWait] Error: Channel error: cannot send/recv

1532853889418	geckodriver	INFO	geckodriver 0.19.1
1532853889436	geckodriver	INFO	Listening on 127.0.0.1:60766
1532853892539	mozrunner::runner	INFO	Running command: "C:\\Program Files (x86)\\Mozilla Firefox\\firefox.exe" "-marionette" "-profile" "C:\\Users\\wyx\\AppData\\Local\\Temp\\rust_mozprofile.wUqE3qvQ6YQR"
1532853897825	Marionette	INFO	Listening on port 60776
1532853898317	Marionette	WARN	TLS certificate errors will be ignored for this session
JavaScript error: https://login.taobao.com/jump?target=https://www.tmall.com, line 26: SyntaxError: expected expression, got '<'
[Parent 3736, Gecko_IOThread] WARNING: pipe error: 109: file z:/build/build/src/ipc/chromium/src/chrome/common/ipc_channel_win.cc, line 346
[Parent 3736, Gecko_IOThread] WARNING: pipe error: 109: file z:/build/build/src/ipc/chromium/src/chrome/common/ipc_channel_win.cc, line 346
[Child 13652, Chrome_ChildThread] WARNING: pipe error: 109: file z:/build/build/src/ipc/chromium/src/chrome/common/ipc_channel_win.cc, line 346
[Child 13652, Chrome_Child[Child 16944, Chrome_ChildThread] WARNING: pipe error: 109: file z:/build/build/src/ipc/chromium/src/chrome/common/ipc_channel_win.cc, line 346
[Child 16944, Chro[Child 12792, Chrome_ChildThread] WARNING: pipe error: 109: file z:/build/build/src/ipc/chromium/src/chrome/common/ipc_channel_win.cc, line 346
[Child *** UTM:SVC TimerManager:registerTimer called after profile-before-change notification. Ignoring timer registration for id: telemetry_modules_ping

###!!! [Child][MessageChannel::SendAndWait] Error: Channel error: cannot send/recv

1532853941599	geckodriver	INFO	geckodriver 0.19.1
1532853941628	geckodriver	INFO	Listening on 127.0.0.1:60954
1532853944748	mozrunner::runner	INFO	Running command: "C:\\Program Files (x86)\\Mozilla Firefox\\firefox.exe" "-marionette" "-profile" "C:\\Users\\wyx\\AppData\\Local\\Temp\\rust_mozprofile.4GJFlVnoIIiv"
1532853951030	Marionette	INFO	Listening on port 60963
1532853951312	Marionette	WARN	TLS certificate errors will be ignored for this session
JavaScript error: https://login.taobao.com/jump?target=https://www.tmall.com, line 26: SyntaxError: expected expression, got '<'
[Parent 14272, Gecko_IOThread] WARNING: pipe error: 109: file z:/build/build/src/ipc/chromium/src/chrome/common/ipc_channel_win.cc, line 346
[Parent 14272, Gecko_IOThread] WARNING: pipe error: 109: file z:/build/build/src/ipc/chromium/src/chrome/common/ipc_channel_win.cc, line 346
[Child 4496, Chrome_ChildThread] WARNING: pipe err[Child 12628, Chrome_ChildThread] WAoRr:NING: pipe error: 109: file z:/build/b ui1ld0/src/i9pc/chromium/src/ch: file z:/build/buriome/clod/src/ipc/chrommimon/iupmc_channel_win.c/csrc/chrome/c,o mmon/ipc_channel_win.cc, line 346
[Child 449l6, Chrome_ChildThine 346
[Child 12[Child 10180, Chrome_ChildThread] WARNING: pipe error: 109: file z:/build/build/src/ipc/chromium/src/chrome/common/ipc_channel_win.cc, line 346
[Child 10180, Chrome_ChildThread] WARNING: pipe error: 109: file
###!!! [Child][MessageChannel::SendAndWait] Error: Channel error: cannot send/recv

1532854323566	geckodriver	INFO	geckodriver 0.19.1
1532854323594	geckodriver	INFO	Listening on 127.0.0.1:61380
1532854326728	mozrunner::runner	INFO	Running command: "C:\\Program Files (x86)\\Mozilla Firefox\\firefox.exe" "-marionette" "-profile" "C:\\Users\\wyx\\AppData\\Local\\Temp\\rust_mozprofile.ul5uzjUFS1si"
1532854332261	Marionette	INFO	Listening on port 61390
1532854332642	Marionette	WARN	TLS certificate errors will be ignored for this session
JavaScript error: https://login.taobao.com/jump?target=https://www.tmall.com, line 26: SyntaxError: expected expression, got '<'
[Parent 10956, Gecko_IOThread] WARNING: pipe error: 109: file z:/build/build/src/ipc/chromium/src/chrome/common/ipc_channel_win.cc, line 346
[Parent 10956, Gecko_IOThread] WARNING: pipe error: 109: file z:/build/build/src/ipc/chromium/src/chrome/common/ipc_channel_win.cc, line 346
[Child 14308, Chrome_ChildThread] WARNING: pipe error: 109: file z:/build/build/src/ipc/chromium/src/chrome/common/ipc_channel_win.cc, line 346
[Child 1
###!!! [Child][MessageChannel::SendAndWait] Error: Channel error: cannot send/recv

Marionette	WARN	TLS certificate errors will be ignored for this session
JavaScript error: https://login.taobao.com/jump?target=https://www.tmall.com, line 26: SyntaxError: expected expression, got '<'
[Parent 11876, Gecko_IOThread] WARNING: pipe error: 109: file z:/build/build/src/ipc/chromium/src/chrome/common/ipc_channel_win.cc, line 346
[Parent 11876, Gecko_IOThread] WARNING: pipe error: 109: file z:/build/build/src/ipc/chromium/src/chrome/common/ipc_channel_win.cc, line 346
*** UTM:SVC TimerManager:registerTimer called after profile-before-change notification. Ignoring timer registration for id: telemetry_modules_ping

###!!! [Child][MessageChannel::SendAndWait] Error: Channel error: cannot send/recv

1532855045256	geckodriver	INFO	geckodriver 0.19.1
1532855045284	geckodriver	INFO	Listening on 127.0.0.1:62612
1532855048393	mozrunner::runner	INFO	Running command: "C:\\Program Files (x86)\\Mozilla Firefox\\firefox.exe" "-marionette" "-profile" "C:\\Users\\wyx\\AppData\\Local\\Temp\\rust_mozprofile.8KRpIHWv5ant"
1532855053895	Marionette	INFO	Listening on port 62621
1532855054333	Marionette	WARN	TLS certificate errors will be ignored for this session
JavaScript error: https://login.taobao.com/jump?target=https://www.tmall.com, line 26: SyntaxError: expected expression, got '<'
[Parent 2612, Gecko_IOThread] WARNING: pipe error: 109: file z:/build/build/src/ipc/chromium/src/chrome/common/ipc_channel_win.cc, line 346
[Child 9320, Chrome_ChildThread] WARNING: pipe error: 109: file z:/build/build/src/ipc/chromium/src/chrome/common/ipc_channel_win.cc, line 346
[[Parent 2612, Gecko_IOThread] WARNING: pipe error: 109: file z:/build/build/src/ipc/chromium/src/chrome/common/ipc_channel_win.cc, line 346
[Child 8572, Chrome_ChildThread] WARNING: pipe error: 109: file z:/build/build/src/ipc/chromium/src/chrome/common/ipc_channel_win.cc, line 346
[Child*** UTM:SVC TimerManager:registerTimer called after profile-before-change notification. Ignoring timer registration for id: telemetry_modules_ping
[GPU
###!!! [Child][MessageChannel::SendAndWait] Error: Channel error: cannot send/recv

1532855706698	geckodriver	INFO	geckodriver 0.19.1
1532855706750	geckodriver	INFO	Listening on 127.0.0.1:63428
1532855717402	geckodriver	INFO	geckodriver 0.19.1
1532855717423	geckodriver	INFO	Listening on 127.0.0.1:63439
1532855726072	geckodriver	INFO	geckodriver 0.19.1
1532855726089	geckodriver	INFO	Listening on 127.0.0.1:63450
1532855729251	mozrunner::runner	INFO	Running command: "C:\\Program Files (x86)\\Mozilla Firefox\\firefox.exe" "-marionette" "-profile" "C:\\Users\\wyx\\AppData\\Local\\Temp\\rust_mozprofile.gURZoWOOq5Vb"
1532855734849	Marionette	INFO	Listening on port 63458
1532855735195	Marionette	WARN	TLS certificate errors will be ignored for this session
JavaScript error: https://login.taobao.com/jump?target=https://www.tmall.com, line 26: SyntaxError: expected expression, got '<'
[Parent 11004, Gecko_IOThread] WARNING: pipe error: 109: file z:/build/build/src/ipc/chromium/src/chrome/common/ipc_channel_win.cc, line 346
[Child 15680, Chrome_ChildThread] WARNING: pipe error: 109: file z:/build/build/src/ipc/chromium/src/chrome/common/ipc_channel_win.cc, line 346
[Child 15*** UTM:SVC TimerManager:registerTimer called after profile-before-change notification. Ignoring timer registration for id: telemetry_modules_ping

###!!! [Child][MessageChannel::SendAndWait] Error: Channel error: cannot send/recv

1532855857384	geckodriver	INFO	geckodriver 0.19.1
1532855857422	geckodriver	INFO	Listening on 127.0.0.1:63614
1532855860642	mozrunner::runner	INFO	Running command: "C:\\Program Files (x86)\\Mozilla Firefox\\firefox.exe" "-marionette" "-profile" "C:\\Users\\wyx\\AppData\\Local\\Temp\\rust_mozprofile.OXJ9d7g8PSOc"
1532855866847	Marionette	INFO	Listening on port 63623
1532855867128	Marionette	WARN	TLS certificate errors will be ignored for this session
[Parent 15680, Gecko_IOThread] WARNING: pipe error: 109: file z:/build/build/src/ipc/chromium/src/chrome/common/ipc_channel_win.cc, line 346
JavaScript error: https://login.taobao.com/jump?target=https://www.tmall.com, line 26: SyntaxError: expected expression, got '<'
[Parent 15680, Gecko_IOThread] WARNING: pipe error: 109: file z:/build/build/src/ipc/chromium/src/chrome/common/ipc_channel_win.cc, line 346
[Child 13388, Chrome_ChildThread] WARNING: pipe error: 109: file z:/build/build/src/ipc/chromium/src/chrome/common/ipc_channel_win.cc, line 346
[GPU 6048, Chr
###!!! [Child][MessageChannel::SendAndWait] Error: Channel error: cannot send/recv

1532855933057	geckodriver	INFO	geckodriver 0.19.1
1532855933082	geckodriver	INFO	Listening on 127.0.0.1:65422
1532855936216	mozrunner::runner	INFO	Running command: "C:\\Program Files (x86)\\Mozilla Firefox\\firefox.exe" "-marionette" "-profile" "C:\\Users\\wyx\\AppData\\Local\\Temp\\rust_mozprofile.IJ1zSW7U5kze"
1532855941496	Marionette	INFO	Listening on port 65430
1532855941979	Marionette	WARN	TLS certificate errors will be ignored for this session
[Parent 17008, Gecko_IOThread] WARNING: pipe error: 109: file z:/build/build/src/ipc/chromium/src/chrome/common/ipc_channel_win.cc, line 346
JavaScript error: https://login.taobao.com/jump?target=https://www.tmall.com, line 26: SyntaxError: expected expression, got '<'
[Parent 17008, Gecko_IOThread] WARNING: pipe error: 109: file z:/build/build/src/ipc/chromium/src/chrome/common/ipc_channel_win.cc, line 346
[Parent 17008, Gecko_IOThread] WARNING: pipe error: 109: file z:/build/build/src/ipc/chromium/src/chrome/common/ipc_channel_win.cc, line 346
1532856077166	geckodriver	INFO	geckodriver 0.19.1
1532856077185	geckodriver	INFO	Listening on 127.0.0.1:49336
1532856080307	mozrunner::runner	INFO	Running command: "C:\\Program Files (x86)\\Mozilla Firefox\\firefox.exe" "-marionette" "-profile" "C:\\Users\\wyx\\AppData\\Local\\Temp\\rust_mozprofile.sHxdHdtVIZaT"
1532856085764	Marionette	INFO	Listening on port 49344
1532856086080	Marionette	WARN	TLS certificate errors will be ignored for this session
JavaScript error: https://login.taobao.com/jump?target=https://www.tmall.com, line 26: SyntaxError: expected expression, got '<'
[Parent 3272, Gecko_IOThread] WARNING: pipe error: 109: file z:/build/build/src/ipc/chromium/src/chrome/common/ipc_channel_win.cc, line 346
[Parent 3272, Gecko_IOThread] WARNING: pipe error: 109: file z:/build/build/src/ipc/chromium/src/chrome/common1532856127761	mozrunner::runner	INFO	Running command: "C:\\Program Files (x86)\\Mozilla Firefox\\firefox.exe" "-marionette" "-profile" "C:\\Users\\wyx\\AppData\\Local\\Temp\\rust_mozprofile.IxkOrwdZp5Lb"
1532856133136	Marionette	INFO	Listening on port 49490
1532856133625	Marionette	WARN	TLS certificate errors will be ignored for this session
JavaScript error: https://login.taobao.com/jump?target=https://www.tmall.com, line 26: SyntaxError: expected expression, got '<'
build/src/ipc/chromium/src/chrome/common/ipc_channel_win.cc, line 346
*** UTM:SVC TimerManager:registerTimer called after profile-before-change notification. Ignoring timer registration for id: telemetry_modules_ping

###!!! [Child][MessageChannel::SendAndWait] Error: Channel error: cannot send/recv

1532856240819	geckodriver	INFO	geckodriver 0.19.1
1532856240843	geckodriver	INFO	Listening on 127.0.0.1:49838
1532856243958	mozrunner::runner	INFO	Running command: "C:\\Program Files (x86)\\Mozilla Firefox\\firefox.exe" "-marionette" "-profile" "C:\\Users\\wyx\\AppData\\Local\\Temp\\rust_mozprofile.Fpzpnzm1nnA9"
1532856249771	Marionette	INFO	Listening on port 49853
1532856250211	Marionette	WARN	TLS certificate errors will be ignored for this session
JavaScript error: https://login.taobao.com/jump?target=https://www.tmall.com, line 26: SyntaxError: expected expression, got '<'
[Parent 13236, Gecko_IOThread] WARNING: pipe error: 109: file z:/build/build/src/ipc/chromium/src/chrome/common/ipc_channel_win.cc, line 346
[Child 12900, Chrome_ChildThread] WARNING: pipe error: 109: file z:/build/build/src/ipc/chromium/src/chrome/common/ipc_channel_win.cc, line 346
1532858109494	geckodriver	INFO	geckodriver 0.19.1
1532858109511	geckodriver	INFO	Listening on 127.0.0.1:51333
1532858112608	mozrunner::runner	INFO	Running command: "C:\\Program Files (x86)\\Mozilla Firefox\\firefox.exe" "-marionette" "-profile" "C:\\Users\\wyx\\AppData\\Local\\Temp\\rust_mozprofile.Awl2wzkw9FNQ"
1532858118325	Marionette	INFO	Listening on port 51349
[Parent 11408, Gecko_IOThread] WARNING: pipe error: 109: file z:/build/build/src/ipc/chromium/src/chrome/common/ipc_channel_win.cc, line 346
[Child 16884, Chrome_ChildThread] WARNING: pipe error: 109: file z:/build/build/src/ipc/chromium/src/chrome/common/ipc_channel_win.cc, line 346
[Child 16884, Chrome_ChildThr
###!!! [Child][MessageChannel::SendAndWait] Error: Channel error: cannot send/recv

aScript error: https://login.taobao.com/jump?target=https://www.tmall.com, line 26: SyntaxError: expected expression, got '<'
1532861113832	geckodriver	INFO	geckodriver 0.19.1
1532861113862	geckodriver	INFO	Listening on 127.0.0.1:55493
1532861116947	mozrunner::runner	INFO	Running command: "C:\\Program Files (x86)\\Mozilla Firefox\\firefox.exe" "-marionette" "-profile" "C:\\Users\\wyx\\AppData\\Local\\Temp\\rust_mozprofile.2VNlqxQZaN8D"
1532861123237	Marionette	INFO	Listening on port 55508
1532861123710	Marionette	WARN	TLS certificate errors will be ignored for this session
JavaScript error: https://login.taobao.com/jump?target=https://www.tmall.com, line 26: SyntaxError: expected expression, got '<'
[Child 2008, Chrome_ChildThread] WARNING: pipe error: 109: file z:/build/build/src/ipc/chromium/src/chrome/common/ipc_channel_win.cc, line 464
1532861290139	geckodriver	INFO	geckodriver 0.19.1
1532861290166	geckodriver	INFO	Listening on 127.0.0.1:55863
1532861293283	mozrunner::runner	INFO	Running command: "C:\\Program Files (x86)\\Mozilla Firefox\\firefox.exe" "-marionette" "-profile" "C:\\Users\\wyx\\AppData\\Local\\Temp\\rust_mozprofile.HQSGmwF8JpGT"
1532861298796	Marionette	INFO	Listening on port 55872
1532861299135	Marionette	WARN	TLS certificate errors will be ignored for this session
JavaScript error: https://login.taobao.com/jump?target=https://www.tmall.com, line 26: SyntaxError: expected expression, got '<'
[Parent 16684, Gecko_IOThread] WARNING: pipe error: 109: file z:/build/build/src/ipc/chromium/src/chrome/common/ipc_channel_win.cc, line 346
1532861749820	geckodriver	INFO	geckodriver 0.19.1
1532861749848	geckodriver	INFO	Listening on 127.0.0.1:56390
1532861752988	mozrunner::runner	INFO	Running command: "C:\\Program Files (x86)\\Mozilla Firefox\\firefox.exe" "-marionette" "-profile" "C:\\Users\\wyx\\AppData\\Local\\Temp\\rust_mozprofile.QZPZ830Qr9Co"
1532861758265	Marionette	INFO	Listening on port 56404
1532861758801	Marionette	WARN	TLS certificate errors will be ignored for this session
JavaScript error: https://login.taobao.com/jump?target=https://www.tmall.com, line 26: SyntaxError: expected expression, got '<'
[Child 15016, Chrome_ChildThread] WARNING: pipe error: 109: file z:/build/build/src/ipc/chromium/src/chrome/common/ipc_channel_win.cc, line 346

###!!! [Child][MessageChannel::SendAndWait] Error: Channel error: cannot send/recv

 "-profile" "C:\\Users\\wyx\\AppData\\Local\\Temp\\rust_mozprofile.8C13E47Z9sXI"
1532861822856	Marionette	INFO	Listening on port 57258
1532861824070	Marionette	WARN	TLS certificate errors will be ignored for this session
JavaScript error: https://login.taobao.com/jump?target=https://www.tmall.com, line 26: SyntaxError: expected expression, got '<'
[Parent 16508, Gecko_IOThread] WARNING: pipe error: 109: file z:/build/build/src/ipc/chromium/src/chrome/common/ipc_channel_win.cc, line 346
[Parent 16508, Gecko_IOThread] WARNING: pipe error: 109: file z:/build/build/src/ipc/chromium/src/chrome/common/ipc_channel_win.cc, line 346
[Parent 16508, Gecko_IOThread] WARNING: pipe error: 109: file z:/build/build/src/ipc/chromium/src/chrome/common/ipc_channel_win.cc, line 346
[Child 16960, Chrome_ChildThread] WARNING: pipe error: 109: file z:/build/build/src/ipc/chromium/src/chrome/common/ipc_channel_win.cc, line 346
[Child 16960, Chrome_ChildThread] WARNING: pipe error: 109: file z:/build/build/src/ipc/chromium/src/chrome/common/ipc_channel_win.cc, line 346[Child 12316, Chrome_ChildThread] WARNING: pipe error: 109: file z:/build/build/src/ipc/chromium/src/chrome/common/ipc_channel_win.cc, line 346
[Child 12316, Chrome_ChildThread] WARNING: pipe error: 109: file
###!!! [Child][MessageChannel::SendAndWait] Error: Channel error: cannot send/recv

6
[Child 1208, Chrome_ChildThread] WARNING: pipe[Child 16248, Chrome_ChildThread] WARNING: pipe error: 109: file z:/build/build/src/ipc/chromium/src/chrome/common/ipc_channel_win.cc, line 346
[GPU 7444, Chrome_Chil
###!!! [Child][MessageChannel::SendAndWait] Error: Channel error: cannot send/recv

1532862480377	geckodriver	INFO	geckodriver 0.19.1
1532862480409	geckodriver	INFO	Listening on 127.0.0.1:58567
1532862483499	mozrunner::runner	INFO	Running command: "C:\\Program Files (x86)\\Mozilla Firefox\\firefox.exe" "-marionette" "-profile" "C:\\Users\\wyx\\AppData\\Local\\Temp\\rust_mozprofile.lmHV8kIhfQ56"
1532862489991	Marionette	INFO	Listening on port 58579
1532862490855	Marionette	WARN	TLS certificate errors will be ignored for this session
JavaScript error: https://login.taobao.com/jump?target=https://www.tmall.com, line 26: SyntaxError: expected expression, got '<'
[Parent 13840, Gecko_IOThread] WARNING: pipe error: 109: file z:/build/build/src/ipc/chromium/src/chrome/common/ipc_channel_win.cc, line 346
[Parent 13840, Gecko_IOThread] WARNING: pipe error: 109: file z:/build/build/src/ipc/chromium/src/chrome/common/ipc_channel_win.cc, line 346
[Child 5420, Chrome_ChildThrea1532862569349	Marionette	INFO	Listening on port 58719
1532862570444	Marionette	WARN	TLS certificate errors will be ignored for this session
JavaScript error: https://login.taobao.com/jump?target=https://www.tmall.com, line 26: SyntaxError: expected expression, got '<'
[Child 4132, Chrome_ChildThread] WARNING: pipe error: 109: file z:/build/build/src/ipc/chromium/src/chrome/common/ipc_channel_win.cc, line 346
[Child 4132, C[GPU 16524, Ch
###!!! [Child][MessageChannel::SendAndWait] Error: Channel error: cannot send/recv

1532863270168	geckodriver	INFO	geckodriver 0.19.1
1532863270196	geckodriver	INFO	Listening on 127.0.0.1:59799
1532863273346	mozrunner::runner	INFO	Running command: "C:\\Program Files (x86)\\Mozilla Firefox\\firefox.exe" "-marionette" "-profile" "C:\\Users\\wyx\\AppData\\Local\\Temp\\rust_mozprofile.ABx7AVcMSP3h"
1532863279409	Marionette	INFO	Listening on port 59809
1532863280038	Marionette	WARN	TLS certificate errors will be ignored for this session
JavaScript error: https://login.taobao.com/jump?target=https://www.tmall.com, line 26: SyntaxError: expected expression, got '<'
[Parent 18928, Gecko_IOThread] WARNING: pipe error: 109: file z:/build/build/src/ipc/chromium/src/chrome/common/ipc_channel_win.cc, line 346
[Child 18284, Chrome_ChildThread] WARNING: pipe err[oChild 15r868, Chrome_ChildTh:r[Paeraedn]t  W18928, AGeRckNoI_NGI: pipOe Tehrreraodr]: 109: f WARNIiNlGe :z :pi/pbeu eild/build/src/irropc/chrr:o m109:i file uz:m//bsuricld/buil/d/srcc/hiropc/chrommium/src/chromee//ccoommmmoon/nipc_channel_win.cc, line 346/
ipc_channel_win.cc, line 346
[Child 9980, Chrome_ChildThread] WARNING: pipe error: 109: file z:/build/build/src/ipc/chromium/src/chrome/common/ipc_channel_win.cc, line 346
[Child 9 109: file z:/build/build/src/ipc/chromium/src/chrome/common/ipc_channel_win.cc, line 346
[
###!!! [Child][MessageChannel::SendAndWait] Error: Channel error: cannot send/recv

romium/src/chrome/common/ipc_channel_win.cc, line 346
[Parent 17764, Gecko_IOThread] WARNING: pipe error: 109: file z:/build/build/src/ipc/chromium/src/chrome/common/ipc_channel_win.cc, line 346
[Parent 17764, Gecko_IOThread] WARNING: pipe error: 109: file z:/build/build/src/ipc/chromium/src/chrome/common/ipc_channel_win.cc, line 346
[Parent 17764, Gecko_IOThread] WARNING: pipe error: 109: file z:/build/build/src/ipc/chromium/src/chrome/common/ipc_channel_win.cc, line 346

###!!! [Child][MessageChannel::SendAndWait] Error: Channel error: cannot send/recv

1532864838008	geckodriver	INFO	geckodriver 0.19.1
1532864838029	geckodriver	INFO	Listening on 127.0.0.1:62018
1532864841210	mozrunner::runner	INFO	Running command: "C:\\Program Files (x86)\\Mozilla Firefox\\firefox.exe" "-marionette" "-profile" "C:\\Users\\wyx\\AppData\\Local\\Temp\\rust_mozprofile.w3RKGzq3wJid"
1532864849676	Marionette	INFO	Listening on port 62028
1532864850119	Marionette	WARN	TLS certificate errors will be ignored for this session
[Parent 19408, Gecko_IOThread] WARNING: pipe error: 109: file z:/build/build/src/ipc/chromium/src/chrome/common/ipc_channel_win.cc, line 346
JavaScript error: https://login.taobao.com/jump?target=https://www.tmall.com, line 26: SyntaxError: expected expression, got '<'
[Parent 19408, Gecko_IOThread] WARNING: pipe error: 109: file z:/build/build/src/ipc/chromium/src/chrome/common/ipc_channel_win.cc, line 346
[Child 6716, Chrome_ChildThread] WARNING: pipe error: 109: file z:/build/build/src/ipc/chromium/src/chrome/common/ipc_channel_win.cc, line 346
[Child 6716, Chrome_ChildThread] WARNING: pipe error: 109: file z:/build/build/src/ipc/chromium/src/chrome/common/ipc_channel_win.cc, line 346
[Child 12252, Chrome_ChildThread] WARNING: pipe error: 109: file z:/build/build/src/ipc/chromium/src/chrome/common/ipc_channel_win.cc, line 346
[Child 12252, Chrome_ChildThread] WARNING: pipe error: 109: file z:/build/b[GP
###!!! [Child][MessageChannel::SendAndWait] Error: Channel error: cannot send/recv

 Gecko_IOThread] WARNING: pipe error: 109: file z:/build/build/src/ipc/chromium/src/chrome/common/ipc_channel_win.cc, line 346
[Parent 8852, Gecko_IOThread] WARNING: pipe error: 109: file z:/build/build/src/ipc/chromium/src/chrome/common/ipc_channel_win.cc, line 346
[Child 6048, Chrome_ChildThread] WARNING: pipe error: 109: file z:/build/build/src/ipc/chromium/src/chrome/common/ipc_channel_win.cc, line 346
[Child 6048, Chrome[GPU 
###!!! [Child][MessageChannel::SendAndWait] Error: Channel error: cannot send/recv

1532865288802	geckodriver	INFO	geckodriver 0.19.1
1532865288831	geckodriver	INFO	Listening on 127.0.0.1:63550
1532865291962	mozrunner::runner	INFO	Running command: "C:\\Program Files (x86)\\Mozilla Firefox\\firefox.exe" "-marionette" "-profile" "C:\\Users\\wyx\\AppData\\Local\\Temp\\rust_mozprofile.RNkFtEs9aWkS"
1532865298026	Marionette	INFO	Listening on port 63561
1532865298318	Marionette	WARN	TLS certificate errors will be ignored for this session
JavaScript error: https://login.taobao.com/jump?target=https://www.tmall.com, line 26: SyntaxError: expected expression, got '<'
[Parent 5428, Gecko_IOThread] WARNING: pipe error: 109: file z:/build/build/src/ipc/chromium/src/chrome/common/ipc_channel_win.cc, line 346
[Parent 5428, Gecko_IOThread] WARNING: pipe error: 109: file z:/build/build/src/ipc/chromium/src/chrome/common/ipc_channel_win.cc, line 346

###!!! [Child][MessageChannel::SendAndWait] Error: Channel error: cannot send/recv

1532865448846	geckodriver	INFO	geckodriver 0.19.1
1532865448866	geckodriver	INFO	Listening on 127.0.0.1:64366
1532865452012	mozrunner::runner	INFO	Running command: "C:\\Program Files (x86)\\Mozilla Firefox\\firefox.exe" "-marionette" "-profile" "C:\\Users\\wyx\\AppData\\Local\\Temp\\rust_mozprofile.lOba0iA2yiVg"
1532865457744	Marionette	INFO	Listening on port 64376
1532865458212	Marionette	WARN	TLS certificate errors will be ignored for this session
JavaScript error: https://login.taobao.com/jump?target=https://www.tmall.com, line 26: SyntaxError: expected expression, got '<'
[Parent 8568, Gecko_IOThread] WARNING: pipe error: 109: file z:/build/build/src/ipc/chromium/src/chrome/common/ipc_channel_win.cc, line 346

###!!! [Child][MessageChannel::SendAndWait] Error: Channel error: cannot send/recv

ng on 127.0.0.1:64569
1532865508946	mozrunner::runner	INFO	Running command: "C:\\Program Files (x86)\\Mozilla Firefox\\firefox.exe" "-marionette" "-profile" "C:\\Users\\wyx\\AppData\\Local\\Temp\\rust_mozprofile.hslKOOMSifYy"
1532865512927	Marionette	INFO	Listening on port 64577
1532865513309	Marionette	WARN	TLS certificate errors will be ignored for this session
JavaScript error: https://login.taobao.com/jump?target=https://www.tmall.com, line 26: SyntaxError: expected expression, got '<'
[Parent 13048, Gecko_IOThread] WARNING: pipe error: 109: file z:/build/build/src/ipc/chromium/src/chrome/common/ipc_channel_win.cc, line 346
[Parent 13048, Gecko_IOThread] WARNING: pipe error: 109: file z:/build/build/src/ipc/chromium/src/chrome/common/ipc_channel_win.cc, line 346
[Parent 13048, Gecko_IOThread] WARNING: pipe error: 109: file z:/build/build/src/ipc/chromium/src/chrome/common/ipc_channel_win.cc, line 346
[Parent 13048, Gecko_IOThread] WARNING: pipe error: 109: file z:/build/build/src/ipc/chromium/src/chrome/common/ipc_channel_win.cc, line 346
[Child 7156, Chrome_ChildThread] WARNING: pipe error: 109: file z:/build/build/src/ipc/chromium/src/chrome/common/ipc_channel_win.cc, line 346
[Child 7156, Chrome_ChildThread] WARNING: pipe error: 109: file z:/build/bu[Parent 13048, Gecko_IOThread] WARNING: pipe error: 109: file z:/build/build/src/ipc/chromium/src/chrome/common/ipc_channel_win.cc, line 346
[
###!!! [Child][MessageChannel::SendAndWait] Error: Channel error: cannot send/recv

